0 info it worked if it ends with ok
1 verbose cli [ 'C:\\Program Files\\nodejs\\node.exe',
1 verbose cli   'C:\\Program Files\\nodejs\\node_modules\\npm\\bin\\npm-cli.js',
1 verbose cli   'start' ]
2 info using npm@3.10.10
3 info using node@v6.12.2
4 verbose run-script [ 'prestart', 'start', 'poststart' ]
5 info lifecycle knapsack-app@0.0.1~prestart: knapsack-app@0.0.1
6 silly lifecycle knapsack-app@0.0.1~prestart: no script for prestart, continuing
7 info lifecycle knapsack-app@0.0.1~start: knapsack-app@0.0.1
8 verbose lifecycle knapsack-app@0.0.1~start: unsafe-perm in lifecycle true
9 verbose lifecycle knapsack-app@0.0.1~start: PATH: C:\Program Files\nodejs\node_modules\npm\bin\node-gyp-bin;d:\BoohSha\GRePO\fse-knapsack\knapsack-app\node_modules\.bin;C:\ProgramData\Oracle\Java\javapath;C:\Program Files\Java\jre7\bin;C:\Windows\system32;C:\Windows;C:\Windows\System32\Wbem;C:\Windows\System32\WindowsPowerShell\v1.0\;C:\Program Files\Microsoft\Web Platform Installer\;C:\Program Files (x86)\Microsoft ASP.NET\ASP.NET Web Pages\v1.0\;C:\Program Files\Microsoft SQL Server\110\Tools\Binn\;C:\Program Files (x86)\Microsoft SQL Server\100\Tools\Binn\VSShell\Common7\IDE\;C:\Program Files (x86)\Microsoft SQL Server\100\Tools\Binn\;C:\Program Files\Microsoft SQL Server\100\Tools\Binn\;C:\Program Files (x86)\Microsoft SQL Server\100\DTS\Binn\;C:\Program Files (x86)\Windows Kits\8.0\Windows Performance Toolkit\;C:\Progra~1\IBM\DB2DataServerDriverPackageV10fp2\bin;D:\apache-maven-3.1.1\apache-maven-3.1.1\bin;C:\Program Files\nodejs\;C:\Program Files\Git\cmd;C:\Users\arawo\AppData\Roaming\npm;D:\Program Files (x86)\Microsoft VS Code\bin;C:\Users\arawo\AppData\Local\Apps\cURL\bin
10 verbose lifecycle knapsack-app@0.0.1~start: CWD: d:\BoohSha\GRePO\fse-knapsack\knapsack-app
11 silly lifecycle knapsack-app@0.0.1~start: Args: [ '/d /s /c', 'ng serve' ]
12 silly lifecycle knapsack-app@0.0.1~start: Returned: code: 1  signal: null
13 info lifecycle knapsack-app@0.0.1~start: Failed to exec start script
14 verbose stack Error: knapsack-app@0.0.1 start: `ng serve`
14 verbose stack Exit status 1
14 verbose stack     at EventEmitter.<anonymous> (C:\Program Files\nodejs\node_modules\npm\lib\utils\lifecycle.js:255:16)
14 verbose stack     at emitTwo (events.js:106:13)
14 verbose stack     at EventEmitter.emit (events.js:191:7)
14 verbose stack     at ChildProcess.<anonymous> (C:\Program Files\nodejs\node_modules\npm\lib\utils\spawn.js:40:14)
14 verbose stack     at emitTwo (events.js:106:13)
14 verbose stack     at ChildProcess.emit (events.js:191:7)
14 verbose stack     at maybeClose (internal/child_process.js:920:16)
14 verbose stack     at Process.ChildProcess._handle.onexit (internal/child_process.js:230:5)
15 verbose pkgid knapsack-app@0.0.1
16 verbose cwd d:\BoohSha\GRePO\fse-knapsack\knapsack-app
17 error Windows_NT 6.1.7601
18 error argv "C:\\Program Files\\nodejs\\node.exe" "C:\\Program Files\\nodejs\\node_modules\\npm\\bin\\npm-cli.js" "start"
19 error node v6.12.2
20 error npm  v3.10.10
21 error code ELIFECYCLE
22 error knapsack-app@0.0.1 start: `ng serve`
22 error Exit status 1
23 error Failed at the knapsack-app@0.0.1 start script 'ng serve'.
23 error Make sure you have the latest version of node.js and npm installed.
23 error If you do, this is most likely a problem with the knapsack-app package,
23 error not with npm itself.
23 error Tell the author that this fails on your system:
23 error     ng serve
23 error You can get information on how to open an issue for this project with:
23 error     npm bugs knapsack-app
23 error Or if that isn't available, you can get their info via:
23 error     npm owner ls knapsack-app
23 error There is likely additional logging output above.
24 verbose exit [ 1, true ]
